sed: can't read /config.yaml: No such file or directory
/opt/flink/bin/config-parser-utils.sh: line 45: /opt/flink/conf/config.yaml: Read-only file system
Starting Task Manager
Starting taskexecutor as a console application on host flink-taskmanager-56bb886c7c-vd2gl.
2024-04-07 07:56:50,665 INFO  org.apache.flink.runtime.taskexecutor.TaskManagerRunner      [] - --------------------------------------------------------------------------------
2024-04-07 07:56:50,671 INFO  org.apache.flink.runtime.taskexecutor.TaskManagerRunner      [] -  Preconfiguration: 
2024-04-07 07:56:50,671 INFO  org.apache.flink.runtime.taskexecutor.TaskManagerRunner      [] - 


RESOURCE_PARAMS extraction logs:
jvm_params: -Xmx536870902 -Xms536870902 -XX:MaxDirectMemorySize=268435458 -XX:MaxMetaspaceSize=268435456
dynamic_configs: -D taskmanager.memory.network.min=134217730b -D taskmanager.cpu.cores=2.0 -D taskmanager.memory.task.off-heap.size=0b -D taskmanager.memory.jvm-metaspace.size=268435456b -D external-resources=none -D taskmanager.memory.jvm-overhead.min=201326592b -D taskmanager.memory.framework.off-heap.size=134217728b -D taskmanager.memory.network.max=134217730b -D taskmanager.memory.framework.heap.size=134217728b -D taskmanager.memory.managed.size=536870920b -D taskmanager.memory.task.heap.size=402653174b -D taskmanager.numberOfTaskSlots=2 -D taskmanager.memory.jvm-overhead.max=201326592b
logs: WARNING: sun.reflect.Reflection.getCallerClass is not supported. This will impact performance.
INFO  [] - Using standard YAML parser to load flink configuration file from /opt/flink/conf/config.yaml.
INFO  [] - Loading configuration property: blob.server.port, 6124
INFO  [] - Loading configuration property: taskmanager.memory.process.size, 1728m
INFO  [] - Loading configuration property: parallelism.default, 2
INFO  [] - Loading configuration property: jobmanager.rpc.address, flink-jobmanager
INFO  [] - Loading configuration property: taskmanager.numberOfTaskSlots, 2
INFO  [] - Loading configuration property: jobmanager.memory.process.size, 1600m
INFO  [] - Loading configuration property: jobmanager.rpc.port, 6123
INFO  [] - Loading configuration property: taskmanager.rpc.port, 6122
INFO  [] - The derived from fraction jvm overhead memory (172.800mb (181193935 bytes)) is less than its min value 192.000mb (201326592 bytes), min value will be used instead
INFO  [] - Final TaskExecutor Memory configuration:
INFO  [] -   Total Process Memory:          1.688gb (1811939328 bytes)
INFO  [] -     Total Flink Memory:          1.250gb (1342177280 bytes)
INFO  [] -       Total JVM Heap Memory:     512.000mb (536870902 bytes)
INFO  [] -         Framework:               128.000mb (134217728 bytes)
INFO  [] -         Task:                    384.000mb (402653174 bytes)
INFO  [] -       Total Off-heap Memory:     768.000mb (805306378 bytes)
INFO  [] -         Managed:                 512.000mb (536870920 bytes)
INFO  [] -         Total JVM Direct Memory: 256.000mb (268435458 bytes)
INFO  [] -           Framework:             128.000mb (134217728 bytes)
INFO  [] -           Task:                  0 bytes
INFO  [] -           Network:               128.000mb (134217730 bytes)
INFO  [] -     JVM Metaspace:               256.000mb (268435456 bytes)
INFO  [] -     JVM Overhead:                192.000mb (201326592 bytes)

2024-04-07 07:56:50,674 INFO  org.apache.flink.runtime.taskexecutor.TaskManagerRunner      [] - --------------------------------------------------------------------------------
2024-04-07 07:56:50,675 INFO  org.apache.flink.runtime.taskexecutor.TaskManagerRunner      [] -  Starting TaskManager (Version: 1.19.0, Scala: 2.12, Rev:eaffd22, Date:2024-03-06T15:18:44+01:00)
2024-04-07 07:56:50,675 INFO  org.apache.flink.runtime.taskexecutor.TaskManagerRunner      [] -  OS current user: flink
2024-04-07 07:56:50,675 INFO  org.apache.flink.runtime.taskexecutor.TaskManagerRunner      [] -  Current Hadoop/Kerberos user: <no hadoop dependency found>
2024-04-07 07:56:50,675 INFO  org.apache.flink.runtime.taskexecutor.TaskManagerRunner      [] -  JVM: OpenJDK 64-Bit Server VM - Eclipse Adoptium - 11/11.0.22+7
2024-04-07 07:56:50,677 INFO  org.apache.flink.runtime.taskexecutor.TaskManagerRunner      [] -  Arch: amd64
2024-04-07 07:56:50,677 INFO  org.apache.flink.runtime.taskexecutor.TaskManagerRunner      [] -  Maximum heap size: 512 MiBytes
2024-04-07 07:56:50,677 INFO  org.apache.flink.runtime.taskexecutor.TaskManagerRunner      [] -  JAVA_HOME: /opt/java/openjdk
2024-04-07 07:56:50,678 INFO  org.apache.flink.runtime.taskexecutor.TaskManagerRunner      [] -  No Hadoop Dependency available
2024-04-07 07:56:50,679 INFO  org.apache.flink.runtime.taskexecutor.TaskManagerRunner      [] -  JVM Options:
2024-04-07 07:56:50,679 INFO  org.apache.flink.runtime.taskexecutor.TaskManagerRunner      [] -     -Xmx536870902
2024-04-07 07:56:50,679 INFO  org.apache.flink.runtime.taskexecutor.TaskManagerRunner      [] -     -Xms536870902
2024-04-07 07:56:50,679 INFO  org.apache.flink.runtime.taskexecutor.TaskManagerRunner      [] -     -XX:MaxDirectMemorySize=268435458
2024-04-07 07:56:50,680 INFO  org.apache.flink.runtime.taskexecutor.TaskManagerRunner      [] -     -XX:MaxMetaspaceSize=268435456
2024-04-07 07:56:50,680 INFO  org.apache.flink.runtime.taskexecutor.TaskManagerRunner      [] -     -XX:+IgnoreUnrecognizedVMOptions
2024-04-07 07:56:50,680 INFO  org.apache.flink.runtime.taskexecutor.TaskManagerRunner      [] -     -Dlog.file=/opt/flink/log/flink--taskexecutor-0-flink-taskmanager-56bb886c7c-vd2gl.log
2024-04-07 07:56:50,680 INFO  org.apache.flink.runtime.taskexecutor.TaskManagerRunner      [] -     -Dlog4j.configuration=file:/opt/flink/conf/log4j-console.properties
2024-04-07 07:56:50,681 INFO  org.apache.flink.runtime.taskexecutor.TaskManagerRunner      [] -     -Dlog4j.configurationFile=file:/opt/flink/conf/log4j-console.properties
2024-04-07 07:56:50,681 INFO  org.apache.flink.runtime.taskexecutor.TaskManagerRunner      [] -     -Dlogback.configurationFile=file:/opt/flink/conf/logback-console.xml
2024-04-07 07:56:50,681 INFO  org.apache.flink.runtime.taskexecutor.TaskManagerRunner      [] -  Program Arguments:
2024-04-07 07:56:50,683 INFO  org.apache.flink.runtime.taskexecutor.TaskManagerRunner      [] -     --configDir
2024-04-07 07:56:50,684 INFO  org.apache.flink.runtime.taskexecutor.TaskManagerRunner      [] -     /opt/flink/conf
2024-04-07 07:56:50,684 INFO  org.apache.flink.runtime.taskexecutor.TaskManagerRunner      [] -     -D
2024-04-07 07:56:50,685 INFO  org.apache.flink.runtime.taskexecutor.TaskManagerRunner      [] -     taskmanager.memory.network.min=134217730b
2024-04-07 07:56:50,686 INFO  org.apache.flink.runtime.taskexecutor.TaskManagerRunner      [] -     -D
2024-04-07 07:56:50,687 INFO  org.apache.flink.runtime.taskexecutor.TaskManagerRunner      [] -     taskmanager.cpu.cores=2.0
2024-04-07 07:56:50,687 INFO  org.apache.flink.runtime.taskexecutor.TaskManagerRunner      [] -     -D
2024-04-07 07:56:50,687 INFO  org.apache.flink.runtime.taskexecutor.TaskManagerRunner      [] -     taskmanager.memory.task.off-heap.size=0b
2024-04-07 07:56:50,687 INFO  org.apache.flink.runtime.taskexecutor.TaskManagerRunner      [] -     -D
2024-04-07 07:56:50,687 INFO  org.apache.flink.runtime.taskexecutor.TaskManagerRunner      [] -     taskmanager.memory.jvm-metaspace.size=268435456b
2024-04-07 07:56:50,688 INFO  org.apache.flink.runtime.taskexecutor.TaskManagerRunner      [] -     -D
2024-04-07 07:56:50,688 INFO  org.apache.flink.runtime.taskexecutor.TaskManagerRunner      [] -     external-resources=none
2024-04-07 07:56:50,688 INFO  org.apache.flink.runtime.taskexecutor.TaskManagerRunner      [] -     -D
2024-04-07 07:56:50,688 INFO  org.apache.flink.runtime.taskexecutor.TaskManagerRunner      [] -     taskmanager.memory.jvm-overhead.min=201326592b
2024-04-07 07:56:50,689 INFO  org.apache.flink.runtime.taskexecutor.TaskManagerRunner      [] -     -D
2024-04-07 07:56:50,690 INFO  org.apache.flink.runtime.taskexecutor.TaskManagerRunner      [] -     taskmanager.memory.framework.off-heap.size=134217728b
2024-04-07 07:56:50,690 INFO  org.apache.flink.runtime.taskexecutor.TaskManagerRunner      [] -     -D
2024-04-07 07:56:50,690 INFO  org.apache.flink.runtime.taskexecutor.TaskManagerRunner      [] -     taskmanager.memory.network.max=134217730b
2024-04-07 07:56:50,690 INFO  org.apache.flink.runtime.taskexecutor.TaskManagerRunner      [] -     -D
2024-04-07 07:56:50,691 INFO  org.apache.flink.runtime.taskexecutor.TaskManagerRunner      [] -     taskmanager.memory.framework.heap.size=134217728b
2024-04-07 07:56:50,691 INFO  org.apache.flink.runtime.taskexecutor.TaskManagerRunner      [] -     -D
2024-04-07 07:56:50,691 INFO  org.apache.flink.runtime.taskexecutor.TaskManagerRunner      [] -     taskmanager.memory.managed.size=536870920b
2024-04-07 07:56:50,691 INFO  org.apache.flink.runtime.taskexecutor.TaskManagerRunner      [] -     -D
2024-04-07 07:56:50,692 INFO  org.apache.flink.runtime.taskexecutor.TaskManagerRunner      [] -     taskmanager.memory.task.heap.size=402653174b
2024-04-07 07:56:50,692 INFO  org.apache.flink.runtime.taskexecutor.TaskManagerRunner      [] -     -D
2024-04-07 07:56:50,692 INFO  org.apache.flink.runtime.taskexecutor.TaskManagerRunner      [] -     taskmanager.numberOfTaskSlots=2
2024-04-07 07:56:50,692 INFO  org.apache.flink.runtime.taskexecutor.TaskManagerRunner      [] -     -D
2024-04-07 07:56:50,692 INFO  org.apache.flink.runtime.taskexecutor.TaskManagerRunner      [] -     taskmanager.memory.jvm-overhead.max=201326592b
2024-04-07 07:56:50,693 INFO  org.apache.flink.runtime.taskexecutor.TaskManagerRunner      [] -  Classpath: /opt/flink/lib/flink-cep-1.19.0.jar:/opt/flink/lib/flink-connector-files-1.19.0.jar:/opt/flink/lib/flink-csv-1.19.0.jar:/opt/flink/lib/flink-json-1.19.0.jar:/opt/flink/lib/flink-scala_2.12-1.19.0.jar:/opt/flink/lib/flink-table-api-java-uber-1.19.0.jar:/opt/flink/lib/flink-table-planner-loader-1.19.0.jar:/opt/flink/lib/flink-table-runtime-1.19.0.jar:/opt/flink/lib/log4j-1.2-api-2.17.1.jar:/opt/flink/lib/log4j-api-2.17.1.jar:/opt/flink/lib/log4j-core-2.17.1.jar:/opt/flink/lib/log4j-slf4j-impl-2.17.1.jar:/opt/flink/lib/flink-dist-1.19.0.jar::::
2024-04-07 07:56:50,693 INFO  org.apache.flink.runtime.taskexecutor.TaskManagerRunner      [] - --------------------------------------------------------------------------------
2024-04-07 07:56:50,695 INFO  org.apache.flink.runtime.taskexecutor.TaskManagerRunner      [] - Registered UNIX signal handlers for [TERM, HUP, INT]
2024-04-07 07:56:50,702 INFO  org.apache.flink.runtime.taskexecutor.TaskManagerRunner      [] - Maximum number of open file descriptors is 1048576.
2024-04-07 07:56:50,712 INFO  org.apache.flink.configuration.GlobalConfiguration           [] - Using standard YAML parser to load flink configuration file from /opt/flink/conf/config.yaml.
2024-04-07 07:56:50,849 INFO  org.apache.flink.configuration.GlobalConfiguration           [] - Loading configuration property: blob.server.port, 6124
2024-04-07 07:56:50,851 INFO  org.apache.flink.configuration.GlobalConfiguration           [] - Loading configuration property: taskmanager.memory.process.size, 1728m
2024-04-07 07:56:50,851 INFO  org.apache.flink.configuration.GlobalConfiguration           [] - Loading configuration property: parallelism.default, 2
2024-04-07 07:56:50,854 INFO  org.apache.flink.configuration.GlobalConfiguration           [] - Loading configuration property: jobmanager.rpc.address, flink-jobmanager
2024-04-07 07:56:50,854 INFO  org.apache.flink.configuration.GlobalConfiguration           [] - Loading configuration property: taskmanager.numberOfTaskSlots, 2
2024-04-07 07:56:50,856 INFO  org.apache.flink.configuration.GlobalConfiguration           [] - Loading configuration property: jobmanager.memory.process.size, 1600m
2024-04-07 07:56:50,859 INFO  org.apache.flink.configuration.GlobalConfiguration           [] - Loading configuration property: jobmanager.rpc.port, 6123
2024-04-07 07:56:50,860 INFO  org.apache.flink.configuration.GlobalConfiguration           [] - Loading configuration property: taskmanager.rpc.port, 6122
2024-04-07 07:56:50,863 INFO  org.apache.flink.configuration.GlobalConfiguration           [] - Loading dynamic configuration property: taskmanager.memory.network.min, 134217730b
2024-04-07 07:56:50,864 INFO  org.apache.flink.configuration.GlobalConfiguration           [] - Loading dynamic configuration property: taskmanager.memory.jvm-metaspace.size, 268435456b
2024-04-07 07:56:50,864 INFO  org.apache.flink.configuration.GlobalConfiguration           [] - Loading dynamic configuration property: taskmanager.memory.task.off-heap.size, 0b
2024-04-07 07:56:50,865 INFO  org.apache.flink.configuration.GlobalConfiguration           [] - Loading dynamic configuration property: taskmanager.cpu.cores, 2.0
2024-04-07 07:56:50,866 INFO  org.apache.flink.configuration.GlobalConfiguration           [] - Loading dynamic configuration property: external-resources, none
2024-04-07 07:56:50,867 INFO  org.apache.flink.configuration.GlobalConfiguration           [] - Loading dynamic configuration property: taskmanager.memory.jvm-overhead.min, 201326592b
2024-04-07 07:56:50,868 INFO  org.apache.flink.configuration.GlobalConfiguration           [] - Loading dynamic configuration property: taskmanager.memory.framework.off-heap.size, 134217728b
2024-04-07 07:56:50,869 INFO  org.apache.flink.configuration.GlobalConfiguration           [] - Loading dynamic configuration property: taskmanager.memory.network.max, 134217730b
2024-04-07 07:56:50,884 INFO  org.apache.flink.configuration.GlobalConfiguration           [] - Loading dynamic configuration property: taskmanager.memory.framework.heap.size, 134217728b
2024-04-07 07:56:50,884 INFO  org.apache.flink.configuration.GlobalConfiguration           [] - Loading dynamic configuration property: taskmanager.memory.managed.size, 536870920b
2024-04-07 07:56:50,885 INFO  org.apache.flink.configuration.GlobalConfiguration           [] - Loading dynamic configuration property: taskmanager.memory.task.heap.size, 402653174b
2024-04-07 07:56:50,885 INFO  org.apache.flink.configuration.GlobalConfiguration           [] - Loading dynamic configuration property: taskmanager.numberOfTaskSlots, 2
2024-04-07 07:56:50,885 INFO  org.apache.flink.configuration.GlobalConfiguration           [] - Loading dynamic configuration property: taskmanager.memory.jvm-overhead.max, 201326592b
2024-04-07 07:56:51,043 INFO  org.apache.flink.core.fs.FileSystem                          [] - Hadoop is not in the classpath/dependencies. The extended set of supported File Systems via Hadoop is not available.
2024-04-07 07:56:51,095 INFO  org.apache.flink.core.plugin.DefaultPluginManager            [] - Plugin loader with ID not found, creating it: metrics-prometheus
2024-04-07 07:56:51,109 INFO  org.apache.flink.core.plugin.DefaultPluginManager            [] - Plugin loader with ID not found, creating it: metrics-graphite
2024-04-07 07:56:51,109 INFO  org.apache.flink.core.plugin.DefaultPluginManager            [] - Plugin loader with ID not found, creating it: metrics-influx
2024-04-07 07:56:51,110 INFO  org.apache.flink.core.plugin.DefaultPluginManager            [] - Plugin loader with ID not found, creating it: metrics-statsd
2024-04-07 07:56:51,111 INFO  org.apache.flink.core.plugin.DefaultPluginManager            [] - Plugin loader with ID not found, creating it: metrics-jmx
2024-04-07 07:56:51,112 INFO  org.apache.flink.core.plugin.DefaultPluginManager            [] - Plugin loader with ID not found, creating it: metrics-datadog
2024-04-07 07:56:51,115 INFO  org.apache.flink.core.plugin.DefaultPluginManager            [] - Plugin loader with ID not found, creating it: metrics-slf4j
2024-04-07 07:56:51,117 INFO  org.apache.flink.core.plugin.DefaultPluginManager            [] - Plugin loader with ID not found, creating it: external-resource-gpu
2024-04-07 07:56:51,164 INFO  org.apache.flink.runtime.state.changelog.StateChangelogStorageLoader [] - StateChangelogStorageLoader initialized with shortcut names {memory,filesystem}.
2024-04-07 07:56:51,164 INFO  org.apache.flink.core.plugin.DefaultPluginManager            [] - Plugin loader with ID found, reusing it: metrics-prometheus
2024-04-07 07:56:51,164 INFO  org.apache.flink.core.plugin.DefaultPluginManager            [] - Plugin loader with ID found, reusing it: metrics-graphite
2024-04-07 07:56:51,165 INFO  org.apache.flink.core.plugin.DefaultPluginManager            [] - Plugin loader with ID found, reusing it: metrics-influx
2024-04-07 07:56:51,165 INFO  org.apache.flink.core.plugin.DefaultPluginManager            [] - Plugin loader with ID found, reusing it: metrics-statsd
2024-04-07 07:56:51,166 INFO  org.apache.flink.core.plugin.DefaultPluginManager            [] - Plugin loader with ID found, reusing it: metrics-jmx
2024-04-07 07:56:51,167 INFO  org.apache.flink.core.plugin.DefaultPluginManager            [] - Plugin loader with ID found, reusing it: metrics-datadog
2024-04-07 07:56:51,167 INFO  org.apache.flink.core.plugin.DefaultPluginManager            [] - Plugin loader with ID found, reusing it: metrics-slf4j
2024-04-07 07:56:51,168 INFO  org.apache.flink.core.plugin.DefaultPluginManager            [] - Plugin loader with ID found, reusing it: external-resource-gpu
2024-04-07 07:56:51,171 INFO  org.apache.flink.runtime.state.changelog.StateChangelogStorageLoader [] - StateChangelogStorageLoader initialized with shortcut names {memory,filesystem}.
2024-04-07 07:56:51,218 INFO  org.apache.flink.runtime.security.modules.HadoopModuleFactory [] - Cannot create Hadoop Security Module because Hadoop cannot be found in the Classpath.
2024-04-07 07:56:51,261 INFO  org.apache.flink.runtime.security.modules.JaasModule         [] - Jaas file will be created as /tmp/jaas-5566244397206582446.conf.
2024-04-07 07:56:51,301 INFO  org.apache.flink.runtime.security.contexts.HadoopSecurityContextFactory [] - Cannot install HadoopSecurityContext because Hadoop cannot be found in the Classpath.
2024-04-07 07:56:52,054 INFO  org.apache.flink.configuration.Configuration                 [] - Config uses fallback configuration key 'jobmanager.rpc.address' instead of key 'rest.address'
2024-04-07 07:56:52,085 INFO  org.apache.flink.runtime.util.LeaderRetrievalUtils           [] - Trying to select the network interface and address to use by connecting to the leading JobManager.
2024-04-07 07:56:52,086 INFO  org.apache.flink.runtime.util.LeaderRetrievalUtils           [] - TaskManager will try to connect for PT10S before falling back to heuristics
2024-04-07 07:56:52,697 INFO  org.apache.flink.runtime.net.ConnectionUtils                 [] - Trying to connect to address flink-jobmanager:6123
2024-04-07 07:56:52,699 INFO  org.apache.flink.runtime.net.ConnectionUtils                 [] - Failed to connect to [flink-jobmanager:6123] from local address [flink-taskmanager-56bb886c7c-vd2gl/10.244.1.34] with timeout [200] due to: flink-jobmanager
2024-04-07 07:56:52,802 INFO  org.apache.flink.runtime.net.ConnectionUtils                 [] - Trying to connect to address flink-jobmanager:6123
2024-04-07 07:56:52,803 INFO  org.apache.flink.runtime.net.ConnectionUtils                 [] - Failed to connect to [flink-jobmanager:6123] from local address [flink-taskmanager-56bb886c7c-vd2gl/10.244.1.34] with timeout [200] due to: flink-jobmanager
2024-04-07 07:56:53,008 INFO  org.apache.flink.runtime.net.ConnectionUtils                 [] - Trying to connect to address flink-jobmanager:6123
2024-04-07 07:56:53,009 INFO  org.apache.flink.runtime.net.ConnectionUtils                 [] - Failed to connect to [flink-jobmanager:6123] from local address [flink-taskmanager-56bb886c7c-vd2gl/10.244.1.34] with timeout [200] due to: flink-jobmanager
2024-04-07 07:56:53,412 INFO  org.apache.flink.runtime.net.ConnectionUtils                 [] - Trying to connect to address flink-jobmanager:6123
2024-04-07 07:56:53,413 INFO  org.apache.flink.runtime.net.ConnectionUtils                 [] - Failed to connect to [flink-jobmanager:6123] from local address [flink-taskmanager-56bb886c7c-vd2gl/10.244.1.34] with timeout [200] due to: flink-jobmanager
2024-04-07 07:56:54,216 INFO  org.apache.flink.runtime.net.ConnectionUtils                 [] - Trying to connect to address flink-jobmanager:6123
2024-04-07 07:56:54,216 INFO  org.apache.flink.runtime.net.ConnectionUtils                 [] - Failed to connect to [flink-jobmanager:6123] from local address [flink-taskmanager-56bb886c7c-vd2gl/10.244.1.34] with timeout [200] due to: flink-jobmanager
2024-04-07 07:56:55,817 INFO  org.apache.flink.runtime.net.ConnectionUtils                 [] - Trying to connect to address flink-jobmanager:6123
2024-04-07 07:56:55,818 INFO  org.apache.flink.runtime.net.ConnectionUtils                 [] - Failed to connect to [flink-jobmanager:6123] from local address [flink-taskmanager-56bb886c7c-vd2gl/10.244.1.34] with timeout [200] due to: flink-jobmanager
2024-04-07 07:56:59,019 INFO  org.apache.flink.runtime.net.ConnectionUtils                 [] - Trying to connect to address flink-jobmanager:6123
2024-04-07 07:56:59,019 INFO  org.apache.flink.runtime.net.ConnectionUtils                 [] - Failed to connect to [flink-jobmanager:6123] from local address [flink-taskmanager-56bb886c7c-vd2gl/10.244.1.34] with timeout [200] due to: flink-jobmanager
2024-04-07 07:57:02,087 WARN  org.apache.flink.runtime.net.ConnectionUtils                 [] - Could not connect to flink-jobmanager:6123. Selecting a local address using heuristics.
2024-04-07 07:57:02,087 WARN  org.apache.flink.runtime.net.ConnectionUtils                 [] - Could not find any IPv4 address that is not loopback or link-local. Using localhost address.
2024-04-07 07:57:02,087 INFO  org.apache.flink.runtime.taskexecutor.TaskManagerRunner      [] - TaskManager will use hostname/address 'flink-taskmanager-56bb886c7c-vd2gl' (10.244.1.34) for communication.
2024-04-07 07:57:02,151 INFO  org.apache.flink.runtime.rpc.pekko.PekkoRpcServiceUtils      [] - Trying to start actor system, external address 10.244.1.34:6122, bind address 0.0.0.0:6122.
2024-04-07 07:57:02,809 INFO  org.apache.pekko.event.slf4j.Slf4jLogger                     [] - Slf4jLogger started
2024-04-07 07:57:02,855 INFO  org.apache.pekko.remote.RemoteActorRefProvider               [] - Pekko Cluster not in use - enabling unsafe features anyway because `pekko.remote.use-unsafe-remote-features-outside-cluster` has been enabled.
2024-04-07 07:57:02,856 INFO  org.apache.pekko.remote.Remoting                             [] - Starting remoting
2024-04-07 07:57:03,014 INFO  org.apache.pekko.remote.Remoting                             [] - Remoting started; listening on addresses :[pekko.tcp://flink@10.244.1.34:6122]
2024-04-07 07:57:03,165 INFO  org.apache.flink.runtime.rpc.pekko.PekkoRpcServiceUtils      [] - Actor system started at pekko.tcp://flink@10.244.1.34:6122
2024-04-07 07:57:03,184 INFO  org.apache.flink.runtime.taskexecutor.TaskManagerRunner      [] - Using working directory: WorkingDirectory(/tmp/tm_10.244.1.34:6122-d0b505)
2024-04-07 07:57:03,194 INFO  org.apache.flink.runtime.metrics.MetricRegistryImpl          [] - No metrics reporter configured, no metrics will be exposed/reported.
2024-04-07 07:57:03,195 INFO  org.apache.flink.runtime.metrics.MetricRegistryImpl          [] - No trace reporter configured, no metrics will be exposed/reported.
2024-04-07 07:57:03,199 INFO  org.apache.flink.runtime.rpc.pekko.PekkoRpcServiceUtils      [] - Trying to start actor system, external address 10.244.1.34:0, bind address 0.0.0.0:0.
2024-04-07 07:57:03,237 INFO  org.apache.pekko.event.slf4j.Slf4jLogger                     [] - Slf4jLogger started
2024-04-07 07:57:03,247 INFO  org.apache.pekko.remote.RemoteActorRefProvider               [] - Pekko Cluster not in use - enabling unsafe features anyway because `pekko.remote.use-unsafe-remote-features-outside-cluster` has been enabled.
2024-04-07 07:57:03,248 INFO  org.apache.pekko.remote.Remoting                             [] - Starting remoting
2024-04-07 07:57:03,258 INFO  org.apache.pekko.remote.Remoting                             [] - Remoting started; listening on addresses :[pekko.tcp://flink-metrics@10.244.1.34:45439]
2024-04-07 07:57:03,272 INFO  org.apache.flink.runtime.rpc.pekko.PekkoRpcServiceUtils      [] - Actor system started at pekko.tcp://flink-metrics@10.244.1.34:45439
2024-04-07 07:57:03,288 INFO  org.apache.flink.runtime.rpc.pekko.PekkoRpcService           [] - Starting RPC endpoint for org.apache.flink.runtime.metrics.dump.MetricQueryService at pekko://flink-metrics/user/rpc/MetricQueryService_10.244.1.34:6122-d0b505 .
2024-04-07 07:57:03,302 INFO  org.apache.flink.runtime.blob.PermanentBlobCache             [] - Created BLOB cache storage directory /tmp/tm_10.244.1.34:6122-d0b505/blobStorage
2024-04-07 07:57:03,307 INFO  org.apache.flink.runtime.blob.TransientBlobCache             [] - Created BLOB cache storage directory /tmp/tm_10.244.1.34:6122-d0b505/blobStorage
2024-04-07 07:57:03,310 INFO  org.apache.flink.runtime.externalresource.ExternalResourceUtils [] - Enabled external resources: []
2024-04-07 07:57:03,311 INFO  org.apache.flink.runtime.security.token.DelegationTokenReceiverRepository [] - Loading delegation token receivers
2024-04-07 07:57:03,318 INFO  org.apache.flink.runtime.security.token.DelegationTokenReceiverRepository [] - Delegation token receiver hadoopfs loaded and initialized
2024-04-07 07:57:03,319 INFO  org.apache.flink.runtime.security.token.DelegationTokenReceiverRepository [] - Delegation token receiver hbase loaded and initialized
2024-04-07 07:57:03,319 INFO  org.apache.flink.core.plugin.DefaultPluginManager            [] - Plugin loader with ID found, reusing it: metrics-prometheus
2024-04-07 07:57:03,320 INFO  org.apache.flink.core.plugin.DefaultPluginManager            [] - Plugin loader with ID found, reusing it: metrics-graphite
2024-04-07 07:57:03,320 INFO  org.apache.flink.core.plugin.DefaultPluginManager            [] - Plugin loader with ID found, reusing it: metrics-influx
2024-04-07 07:57:03,320 INFO  org.apache.flink.core.plugin.DefaultPluginManager            [] - Plugin loader with ID found, reusing it: metrics-statsd
2024-04-07 07:57:03,320 INFO  org.apache.flink.core.plugin.DefaultPluginManager            [] - Plugin loader with ID found, reusing it: metrics-jmx
2024-04-07 07:57:03,321 INFO  org.apache.flink.core.plugin.DefaultPluginManager            [] - Plugin loader with ID found, reusing it: metrics-datadog
2024-04-07 07:57:03,321 INFO  org.apache.flink.core.plugin.DefaultPluginManager            [] - Plugin loader with ID found, reusing it: metrics-slf4j
2024-04-07 07:57:03,321 INFO  org.apache.flink.core.plugin.DefaultPluginManager            [] - Plugin loader with ID found, reusing it: external-resource-gpu
2024-04-07 07:57:03,323 INFO  org.apache.flink.runtime.security.token.DelegationTokenReceiverRepository [] - Delegation token receivers loaded successfully
2024-04-07 07:57:03,323 INFO  org.apache.flink.runtime.taskexecutor.TaskManagerRunner      [] - Starting TaskManager with ResourceID: 10.244.1.34:6122-d0b505
2024-04-07 07:57:03,362 INFO  org.apache.flink.runtime.taskexecutor.TaskManagerServices    [] - Temporary file directory '/tmp': total 915 GB, usable 495 GB (54.10% usable)
2024-04-07 07:57:03,366 INFO  org.apache.flink.runtime.io.disk.iomanager.IOManager         [] - Created a new FileChannelManager for spilling of task related data to disk (joins, sorting, ...). Used directories:
	/tmp/flink-io-4e8062e4-0d0e-4334-ac10-6fe89658135c
2024-04-07 07:57:03,376 INFO  org.apache.flink.runtime.io.network.netty.NettyConfig        [] - NettyConfig [server address: /0.0.0.0, server port range: 0, ssl enabled: false, memory segment size (bytes): 32768, transport type: AUTO, number of server threads: 2 (manual), number of client threads: 2 (manual), server connect backlog: 0 (use Netty's default), client connect timeout (sec): 120, send/receive buffer size (bytes): 0 (use Netty's default)]
2024-04-07 07:57:03,469 INFO  org.apache.flink.runtime.io.network.NettyShuffleServiceFactory [] - Created a new FileChannelManager for storing result partitions of BLOCKING shuffles. Used directories:
	/tmp/flink-netty-shuffle-ae05e759-bc82-4806-a614-00dfe0880591
2024-04-07 07:57:03,555 INFO  org.apache.flink.runtime.io.network.buffer.NetworkBufferPool [] - Allocated 128 MB for network buffer pool (number of memory segments: 4096, bytes per segment: 32768).
2024-04-07 07:57:03,568 INFO  org.apache.flink.runtime.io.network.NettyShuffleEnvironment  [] - Starting the network environment and its components.
2024-04-07 07:57:03,652 INFO  org.apache.flink.runtime.io.network.netty.NettyClient        [] - Transport type 'auto': using EPOLL.
2024-04-07 07:57:03,655 INFO  org.apache.flink.runtime.io.network.netty.NettyClient        [] - Successful initialization (took 86 ms).
2024-04-07 07:57:03,660 INFO  org.apache.flink.runtime.io.network.netty.NettyServer        [] - Transport type 'auto': using EPOLL.
2024-04-07 07:57:03,697 INFO  org.apache.flink.runtime.io.network.netty.NettyServer        [] - Successful initialization (took 40 ms). Listening on SocketAddress /0.0.0.0:37545.
2024-04-07 07:57:03,697 INFO  org.apache.flink.runtime.taskexecutor.TaskManagerServices    [] - TaskManager data connection initialized successfully; listening internally on port: 37545
2024-04-07 07:57:03,699 INFO  org.apache.flink.runtime.taskexecutor.KvStateService         [] - Starting the kvState service and its components.
2024-04-07 07:57:03,754 INFO  org.apache.flink.runtime.rpc.pekko.PekkoRpcService           [] - Starting RPC endpoint for org.apache.flink.runtime.taskexecutor.TaskExecutor at pekko://flink/user/rpc/taskmanager_0 .
2024-04-07 07:57:03,783 INFO  org.apache.flink.runtime.taskexecutor.DefaultJobLeaderService [] - Start job leader service.
2024-04-07 07:57:03,785 INFO  org.apache.flink.runtime.filecache.FileCache                 [] - User file cache uses directory /tmp/flink-dist-cache-06ee759b-3b62-4ba7-ad14-7124008e567e
2024-04-07 07:57:03,788 INFO  org.apache.flink.runtime.taskexecutor.TaskExecutor           [] - Connecting to ResourceManager pekko.tcp://flink@flink-jobmanager:6123/user/rpc/resourcemanager_*(00000000000000000000000000000000).
2024-04-07 07:57:03,864 WARN  org.apache.pekko.remote.ReliableDeliverySupervisor           [] - Association with remote system [pekko.tcp://flink@flink-jobmanager:6123] has failed, address is now gated for [50] ms. Reason: [Association failed with [pekko.tcp://flink@flink-jobmanager:6123]] Caused by: [java.net.UnknownHostException: flink-jobmanager: Temporary failure in name resolution]
2024-04-07 07:57:03,874 INFO  org.apache.flink.runtime.taskexecutor.TaskExecutor           [] - Could not resolve ResourceManager address pekko.tcp://flink@flink-jobmanager:6123/user/rpc/resourcemanager_*, retrying in 10000 ms: Could not connect to rpc endpoint under address pekko.tcp://flink@flink-jobmanager:6123/user/rpc/resourcemanager_*.
2024-04-07 07:57:13,892 WARN  org.apache.pekko.remote.ReliableDeliverySupervisor           [] - Association with remote system [pekko.tcp://flink@flink-jobmanager:6123] has failed, address is now gated for [50] ms. Reason: [Association failed with [pekko.tcp://flink@flink-jobmanager:6123]] Caused by: [java.net.UnknownHostException: flink-jobmanager: Temporary failure in name resolution]
2024-04-07 07:57:13,893 INFO  org.apache.flink.runtime.taskexecutor.TaskExecutor           [] - Could not resolve ResourceManager address pekko.tcp://flink@flink-jobmanager:6123/user/rpc/resourcemanager_*, retrying in 10000 ms: Could not connect to rpc endpoint under address pekko.tcp://flink@flink-jobmanager:6123/user/rpc/resourcemanager_*.
2024-04-07 07:57:24,029 INFO  org.apache.flink.runtime.taskexecutor.TaskExecutor           [] - Resolved ResourceManager address, beginning registration
WARNING: An illegal reflective access operation has occurred
WARNING: Illegal reflective access by org.jboss.netty.util.internal.ByteBufferUtil (file:/tmp/flink-rpc-akka4b8d128e-3d4e-4eb7-9dea-d1f4c52f1dbf.jar) to method java.nio.DirectByteBuffer.cleaner()
WARNING: Please consider reporting this to the maintainers of org.jboss.netty.util.internal.ByteBufferUtil
WARNING: Use --illegal-access=warn to enable warnings of further illegal reflective access operations
WARNING: All illegal access operations will be denied in a future release
2024-04-07 07:57:24,087 INFO  org.apache.flink.runtime.taskexecutor.TaskExecutor           [] - Successful registration at resource manager pekko.tcp://flink@flink-jobmanager:6123/user/rpc/resourcemanager_* under registration id 86721c7f7dbba3c72530ef56a89d295c.
2024-04-07 08:35:02,414 INFO  org.apache.flink.runtime.taskexecutor.TaskExecutor           [] - Receive slot request bc40d52f2d1fbdff73a76168aac84d70 for job 915ce3dd7b2e262a10bc397241bfe2f9 from resource manager with leader id 00000000000000000000000000000000.
2024-04-07 08:35:02,466 INFO  org.apache.flink.runtime.taskexecutor.slot.TaskSlotTableImpl [] - Allocated slot for bc40d52f2d1fbdff73a76168aac84d70 with resources ResourceProfile{cpuCores=1, taskHeapMemory=192.000mb (201326587 bytes), taskOffHeapMemory=0 bytes, managedMemory=256.000mb (268435460 bytes), networkMemory=64.000mb (67108865 bytes)}.
2024-04-07 08:35:02,491 INFO  org.apache.flink.runtime.taskexecutor.DefaultJobLeaderService [] - Add job 915ce3dd7b2e262a10bc397241bfe2f9 for job leader monitoring.
2024-04-07 08:35:02,495 INFO  org.apache.flink.runtime.taskexecutor.DefaultJobLeaderService [] - Try to register at job manager pekko.tcp://flink@flink-jobmanager:6123/user/rpc/jobmanager_2 with leader id 00000000-0000-0000-0000-000000000000.
2024-04-07 08:35:02,543 INFO  org.apache.flink.runtime.taskexecutor.DefaultJobLeaderService [] - Resolved JobManager address, beginning registration
2024-04-07 08:35:02,581 INFO  org.apache.flink.runtime.taskexecutor.DefaultJobLeaderService [] - Successful registration at job manager pekko.tcp://flink@flink-jobmanager:6123/user/rpc/jobmanager_2 for job 915ce3dd7b2e262a10bc397241bfe2f9.
2024-04-07 08:35:02,582 INFO  org.apache.flink.runtime.taskexecutor.TaskExecutor           [] - Establish JobManager connection for job 915ce3dd7b2e262a10bc397241bfe2f9.
2024-04-07 08:35:02,586 INFO  org.apache.flink.runtime.taskexecutor.TaskExecutor           [] - Offer reserved slots to the leader of job 915ce3dd7b2e262a10bc397241bfe2f9.
2024-04-07 08:35:02,726 INFO  org.apache.flink.runtime.taskexecutor.slot.TaskSlotTableImpl [] - Activate slot bc40d52f2d1fbdff73a76168aac84d70.
2024-04-07 08:35:02,776 INFO  org.apache.flink.runtime.state.TaskExecutorFileMergingManager [] - Registered new file merging snapshot manager for job 915ce3dd7b2e262a10bc397241bfe2f9.
2024-04-07 08:35:02,778 INFO  org.apache.flink.runtime.state.changelog.StateChangelogStorageLoader [] - Creating a changelog storage with name 'memory'.
2024-04-07 08:35:02,799 INFO  org.apache.flink.runtime.state.TaskExecutorChannelStateExecutorFactoryManager [] - Creating the channel state executor factory for job id 915ce3dd7b2e262a10bc397241bfe2f9
2024-04-07 08:35:02,825 INFO  org.apache.flink.runtime.taskexecutor.TaskExecutor           [] - Received task CHAIN DataSource (at Impulse (org.apache.beam.runners.flink.translation.wrappers.ImpulseInputFormat)) -> FlatMap (FlatMap at Create.Values/MapElements/Map/ParMultiDo(Anonymous)) -> FlatMap (FlatMap at Create.Values/MapElements/Map/ParMultiDo(Anonymous).output) -> FlatMap (FlatMap at MQTT Subscribe/ParMultiDo(MqttSubscribeBeam)) -> FlatMap (FlatMap at MQTT Subscribe/ParMultiDo(MqttSubscribeBeam).output) -> FlatMap (FlatMap at ParDo(Anonymous)/ParMultiDo(Anonymous)) -> FlatMap (FlatMap at ParDo(Anonymous)/ParMultiDo(Anonymous).output) (1/1)#0 (09fbec3d9bf36a36d737d13718a63e54_361020aacdbcc4fa17238bdbe06f5a70_0_0), deploy into slot with allocation id bc40d52f2d1fbdff73a76168aac84d70.
2024-04-07 08:35:02,827 INFO  org.apache.flink.runtime.taskmanager.Task                    [] - CHAIN DataSource (at Impulse (org.apache.beam.runners.flink.translation.wrappers.ImpulseInputFormat)) -> FlatMap (FlatMap at Create.Values/MapElements/Map/ParMultiDo(Anonymous)) -> FlatMap (FlatMap at Create.Values/MapElements/Map/ParMultiDo(Anonymous).output) -> FlatMap (FlatMap at MQTT Subscribe/ParMultiDo(MqttSubscribeBeam)) -> FlatMap (FlatMap at MQTT Subscribe/ParMultiDo(MqttSubscribeBeam).output) -> FlatMap (FlatMap at ParDo(Anonymous)/ParMultiDo(Anonymous)) -> FlatMap (FlatMap at ParDo(Anonymous)/ParMultiDo(Anonymous).output) (1/1)#0 (09fbec3d9bf36a36d737d13718a63e54_361020aacdbcc4fa17238bdbe06f5a70_0_0) switched from CREATED to DEPLOYING.
2024-04-07 08:35:02,830 INFO  org.apache.flink.runtime.taskexecutor.slot.TaskSlotTableImpl [] - Activate slot bc40d52f2d1fbdff73a76168aac84d70.
2024-04-07 08:35:02,886 INFO  org.apache.flink.runtime.taskmanager.Task                    [] - Loading JAR files for task CHAIN DataSource (at Impulse (org.apache.beam.runners.flink.translation.wrappers.ImpulseInputFormat)) -> FlatMap (FlatMap at Create.Values/MapElements/Map/ParMultiDo(Anonymous)) -> FlatMap (FlatMap at Create.Values/MapElements/Map/ParMultiDo(Anonymous).output) -> FlatMap (FlatMap at MQTT Subscribe/ParMultiDo(MqttSubscribeBeam)) -> FlatMap (FlatMap at MQTT Subscribe/ParMultiDo(MqttSubscribeBeam).output) -> FlatMap (FlatMap at ParDo(Anonymous)/ParMultiDo(Anonymous)) -> FlatMap (FlatMap at ParDo(Anonymous)/ParMultiDo(Anonymous).output) (1/1)#0 (09fbec3d9bf36a36d737d13718a63e54_361020aacdbcc4fa17238bdbe06f5a70_0_0) [DEPLOYING].
2024-04-07 08:35:02,900 INFO  org.apache.flink.runtime.blob.BlobClient                     [] - Downloading 915ce3dd7b2e262a10bc397241bfe2f9/p-32f128005157a2ec2bb09a3d82001fed4c48c1a8-a5c17c7aed4f2128c149a091d2601622 from flink-jobmanager/10.99.32.226:6124
2024-04-07 08:35:02,920 INFO  org.apache.flink.runtime.taskexecutor.TaskExecutor           [] - Received task DataSink (org.apache.flink.api.java.io.DiscardingOutputFormat@37854b34) (1/1)#0 (09fbec3d9bf36a36d737d13718a63e54_28474f4bf1727c246c66605d7957d2f1_0_0), deploy into slot with allocation id bc40d52f2d1fbdff73a76168aac84d70.
2024-04-07 08:35:02,922 INFO  org.apache.flink.runtime.taskmanager.Task                    [] - DataSink (org.apache.flink.api.java.io.DiscardingOutputFormat@37854b34) (1/1)#0 (09fbec3d9bf36a36d737d13718a63e54_28474f4bf1727c246c66605d7957d2f1_0_0) switched from CREATED to DEPLOYING.
2024-04-07 08:35:02,925 INFO  org.apache.flink.runtime.taskexecutor.slot.TaskSlotTableImpl [] - Activate slot bc40d52f2d1fbdff73a76168aac84d70.
2024-04-07 08:35:02,925 INFO  org.apache.flink.runtime.taskmanager.Task                    [] - Loading JAR files for task DataSink (org.apache.flink.api.java.io.DiscardingOutputFormat@37854b34) (1/1)#0 (09fbec3d9bf36a36d737d13718a63e54_28474f4bf1727c246c66605d7957d2f1_0_0) [DEPLOYING].
2024-04-07 08:35:05,104 INFO  org.apache.flink.runtime.taskmanager.Task                    [] - CHAIN DataSource (at Impulse (org.apache.beam.runners.flink.translation.wrappers.ImpulseInputFormat)) -> FlatMap (FlatMap at Create.Values/MapElements/Map/ParMultiDo(Anonymous)) -> FlatMap (FlatMap at Create.Values/MapElements/Map/ParMultiDo(Anonymous).output) -> FlatMap (FlatMap at MQTT Subscribe/ParMultiDo(MqttSubscribeBeam)) -> FlatMap (FlatMap at MQTT Subscribe/ParMultiDo(MqttSubscribeBeam).output) -> FlatMap (FlatMap at ParDo(Anonymous)/ParMultiDo(Anonymous)) -> FlatMap (FlatMap at ParDo(Anonymous)/ParMultiDo(Anonymous).output) (1/1)#0 (09fbec3d9bf36a36d737d13718a63e54_361020aacdbcc4fa17238bdbe06f5a70_0_0) switched from DEPLOYING to INITIALIZING.
2024-04-07 08:35:05,106 INFO  org.apache.flink.runtime.taskmanager.Task                    [] - CHAIN DataSource (at Impulse (org.apache.beam.runners.flink.translation.wrappers.ImpulseInputFormat)) -> FlatMap (FlatMap at Create.Values/MapElements/Map/ParMultiDo(Anonymous)) -> FlatMap (FlatMap at Create.Values/MapElements/Map/ParMultiDo(Anonymous).output) -> FlatMap (FlatMap at MQTT Subscribe/ParMultiDo(MqttSubscribeBeam)) -> FlatMap (FlatMap at MQTT Subscribe/ParMultiDo(MqttSubscribeBeam).output) -> FlatMap (FlatMap at ParDo(Anonymous)/ParMultiDo(Anonymous)) -> FlatMap (FlatMap at ParDo(Anonymous)/ParMultiDo(Anonymous).output) (1/1)#0 (09fbec3d9bf36a36d737d13718a63e54_361020aacdbcc4fa17238bdbe06f5a70_0_0) switched from INITIALIZING to RUNNING.
2024-04-07 08:35:05,106 INFO  org.apache.flink.runtime.taskmanager.Task                    [] - DataSink (org.apache.flink.api.java.io.DiscardingOutputFormat@37854b34) (1/1)#0 (09fbec3d9bf36a36d737d13718a63e54_28474f4bf1727c246c66605d7957d2f1_0_0) switched from DEPLOYING to INITIALIZING.
2024-04-07 08:35:05,107 INFO  org.apache.flink.runtime.taskmanager.Task                    [] - DataSink (org.apache.flink.api.java.io.DiscardingOutputFormat@37854b34) (1/1)#0 (09fbec3d9bf36a36d737d13718a63e54_28474f4bf1727c246c66605d7957d2f1_0_0) switched from INITIALIZING to RUNNING.
2024-04-07 08:35:07,085 WARN  org.apache.flink.metrics.MetricGroup                         [] - The operator name DataSource (at Impulse (org.apache.beam.runners.flink.translation.wrappers.ImpulseInputFormat)) exceeded the 80 characters length limit and was truncated.
2024-04-07 08:35:07,631 INFO  org.apache.flink.configuration.GlobalConfiguration           [] - Using standard YAML parser to load flink configuration file from /opt/flink/conf/config.yaml.
2024-04-07 08:35:07,634 INFO  org.apache.flink.configuration.GlobalConfiguration           [] - Loading configuration property: blob.server.port, 6124
2024-04-07 08:35:07,634 INFO  org.apache.flink.configuration.GlobalConfiguration           [] - Loading configuration property: taskmanager.memory.process.size, 1728m
2024-04-07 08:35:07,634 INFO  org.apache.flink.configuration.GlobalConfiguration           [] - Loading configuration property: parallelism.default, 2
2024-04-07 08:35:07,634 INFO  org.apache.flink.configuration.GlobalConfiguration           [] - Loading configuration property: jobmanager.rpc.address, flink-jobmanager
2024-04-07 08:35:07,634 INFO  org.apache.flink.configuration.GlobalConfiguration           [] - Loading configuration property: taskmanager.numberOfTaskSlots, 2
2024-04-07 08:35:07,634 INFO  org.apache.flink.configuration.GlobalConfiguration           [] - Loading configuration property: jobmanager.memory.process.size, 1600m
2024-04-07 08:35:07,634 INFO  org.apache.flink.configuration.GlobalConfiguration           [] - Loading configuration property: jobmanager.rpc.port, 6123
2024-04-07 08:35:07,634 INFO  org.apache.flink.configuration.GlobalConfiguration           [] - Loading configuration property: taskmanager.rpc.port, 6122
2024-04-07 08:35:07,725 INFO  APP                                                          [] - arg1 in MQTTSubscribeSpout test-12
2024-04-07 08:35:07,749 INFO  APP                                                          [] - Mqtt-Subscribe: MqttSubscribeEntry{Analytictype='12', BlobModelPath='test-12', msgid='2'}
2024-04-07 08:35:07,764 INFO  org.apache.flink.runtime.taskmanager.Task                    [] - CHAIN DataSource (at Impulse (org.apache.beam.runners.flink.translation.wrappers.ImpulseInputFormat)) -> FlatMap (FlatMap at Create.Values/MapElements/Map/ParMultiDo(Anonymous)) -> FlatMap (FlatMap at Create.Values/MapElements/Map/ParMultiDo(Anonymous).output) -> FlatMap (FlatMap at MQTT Subscribe/ParMultiDo(MqttSubscribeBeam)) -> FlatMap (FlatMap at MQTT Subscribe/ParMultiDo(MqttSubscribeBeam).output) -> FlatMap (FlatMap at ParDo(Anonymous)/ParMultiDo(Anonymous)) -> FlatMap (FlatMap at ParDo(Anonymous)/ParMultiDo(Anonymous).output) (1/1)#0 (09fbec3d9bf36a36d737d13718a63e54_361020aacdbcc4fa17238bdbe06f5a70_0_0) switched from RUNNING to FINISHED.
2024-04-07 08:35:07,764 INFO  org.apache.flink.runtime.taskmanager.Task                    [] - Freeing task resources for CHAIN DataSource (at Impulse (org.apache.beam.runners.flink.translation.wrappers.ImpulseInputFormat)) -> FlatMap (FlatMap at Create.Values/MapElements/Map/ParMultiDo(Anonymous)) -> FlatMap (FlatMap at Create.Values/MapElements/Map/ParMultiDo(Anonymous).output) -> FlatMap (FlatMap at MQTT Subscribe/ParMultiDo(MqttSubscribeBeam)) -> FlatMap (FlatMap at MQTT Subscribe/ParMultiDo(MqttSubscribeBeam).output) -> FlatMap (FlatMap at ParDo(Anonymous)/ParMultiDo(Anonymous)) -> FlatMap (FlatMap at ParDo(Anonymous)/ParMultiDo(Anonymous).output) (1/1)#0 (09fbec3d9bf36a36d737d13718a63e54_361020aacdbcc4fa17238bdbe06f5a70_0_0).
2024-04-07 08:35:07,766 INFO  org.apache.flink.runtime.taskexecutor.TaskExecutor           [] - Un-registering task and sending final execution state FINISHED to JobManager for task CHAIN DataSource (at Impulse (org.apache.beam.runners.flink.translation.wrappers.ImpulseInputFormat)) -> FlatMap (FlatMap at Create.Values/MapElements/Map/ParMultiDo(Anonymous)) -> FlatMap (FlatMap at Create.Values/MapElements/Map/ParMultiDo(Anonymous).output) -> FlatMap (FlatMap at MQTT Subscribe/ParMultiDo(MqttSubscribeBeam)) -> FlatMap (FlatMap at MQTT Subscribe/ParMultiDo(MqttSubscribeBeam).output) -> FlatMap (FlatMap at ParDo(Anonymous)/ParMultiDo(Anonymous)) -> FlatMap (FlatMap at ParDo(Anonymous)/ParMultiDo(Anonymous).output) (1/1)#0 09fbec3d9bf36a36d737d13718a63e54_361020aacdbcc4fa17238bdbe06f5a70_0_0.
2024-04-07 08:35:07,775 INFO  org.apache.flink.runtime.taskmanager.Task                    [] - DataSink (org.apache.flink.api.java.io.DiscardingOutputFormat@37854b34) (1/1)#0 (09fbec3d9bf36a36d737d13718a63e54_28474f4bf1727c246c66605d7957d2f1_0_0) switched from RUNNING to FINISHED.
2024-04-07 08:35:07,775 INFO  org.apache.flink.runtime.taskmanager.Task                    [] - Freeing task resources for DataSink (org.apache.flink.api.java.io.DiscardingOutputFormat@37854b34) (1/1)#0 (09fbec3d9bf36a36d737d13718a63e54_28474f4bf1727c246c66605d7957d2f1_0_0).
2024-04-07 08:35:07,803 INFO  org.apache.flink.runtime.taskexecutor.TaskExecutor           [] - Un-registering task and sending final execution state FINISHED to JobManager for task DataSink (org.apache.flink.api.java.io.DiscardingOutputFormat@37854b34) (1/1)#0 09fbec3d9bf36a36d737d13718a63e54_28474f4bf1727c246c66605d7957d2f1_0_0.
2024-04-07 08:35:08,747 INFO  org.apache.flink.runtime.taskexecutor.slot.TaskSlotTableImpl [] - Free slot TaskSlot(index:2, state:ACTIVE, resource profile: ResourceProfile{cpuCores=1, taskHeapMemory=192.000mb (201326587 bytes), taskOffHeapMemory=0 bytes, managedMemory=256.000mb (268435460 bytes), networkMemory=64.000mb (67108865 bytes)}, allocationId: bc40d52f2d1fbdff73a76168aac84d70, jobId: 915ce3dd7b2e262a10bc397241bfe2f9).
2024-04-07 08:35:08,752 INFO  org.apache.flink.runtime.taskexecutor.DefaultJobLeaderService [] - Remove job 915ce3dd7b2e262a10bc397241bfe2f9 from job leader monitoring.
2024-04-07 08:35:08,753 INFO  org.apache.flink.runtime.taskexecutor.TaskExecutor           [] - Close JobManager connection for job 915ce3dd7b2e262a10bc397241bfe2f9.
2024-04-07 09:07:00,139 INFO  org.apache.flink.runtime.taskexecutor.TaskExecutor           [] - Receive slot request ed0e4bc75e437eccbd1857ae14f85aa2 for job dfd6f2cf896d28132107b56b5a9471a9 from resource manager with leader id 00000000000000000000000000000000.
2024-04-07 09:07:00,140 INFO  org.apache.flink.runtime.taskexecutor.slot.TaskSlotTableImpl [] - Allocated slot for ed0e4bc75e437eccbd1857ae14f85aa2 with resources ResourceProfile{cpuCores=1, taskHeapMemory=192.000mb (201326587 bytes), taskOffHeapMemory=0 bytes, managedMemory=256.000mb (268435460 bytes), networkMemory=64.000mb (67108865 bytes)}.
2024-04-07 09:07:00,141 INFO  org.apache.flink.runtime.taskexecutor.DefaultJobLeaderService [] - Add job dfd6f2cf896d28132107b56b5a9471a9 for job leader monitoring.
2024-04-07 09:07:00,141 INFO  org.apache.flink.runtime.taskexecutor.DefaultJobLeaderService [] - Try to register at job manager pekko.tcp://flink@flink-jobmanager:6123/user/rpc/jobmanager_3 with leader id 00000000-0000-0000-0000-000000000000.
2024-04-07 09:07:00,147 INFO  org.apache.flink.runtime.taskexecutor.DefaultJobLeaderService [] - Resolved JobManager address, beginning registration
2024-04-07 09:07:00,157 INFO  org.apache.flink.runtime.taskexecutor.DefaultJobLeaderService [] - Successful registration at job manager pekko.tcp://flink@flink-jobmanager:6123/user/rpc/jobmanager_3 for job dfd6f2cf896d28132107b56b5a9471a9.
2024-04-07 09:07:00,157 INFO  org.apache.flink.runtime.taskexecutor.TaskExecutor           [] - Establish JobManager connection for job dfd6f2cf896d28132107b56b5a9471a9.
2024-04-07 09:07:00,157 INFO  org.apache.flink.runtime.taskexecutor.TaskExecutor           [] - Offer reserved slots to the leader of job dfd6f2cf896d28132107b56b5a9471a9.
2024-04-07 09:07:00,183 INFO  org.apache.flink.runtime.taskexecutor.slot.TaskSlotTableImpl [] - Activate slot ed0e4bc75e437eccbd1857ae14f85aa2.
2024-04-07 09:07:00,188 INFO  org.apache.flink.runtime.state.TaskExecutorFileMergingManager [] - Registered new file merging snapshot manager for job dfd6f2cf896d28132107b56b5a9471a9.
2024-04-07 09:07:00,188 INFO  org.apache.flink.runtime.state.changelog.StateChangelogStorageLoader [] - Creating a changelog storage with name 'memory'.
2024-04-07 09:07:00,188 INFO  org.apache.flink.runtime.state.TaskExecutorChannelStateExecutorFactoryManager [] - Creating the channel state executor factory for job id dfd6f2cf896d28132107b56b5a9471a9
2024-04-07 09:07:00,189 INFO  org.apache.flink.runtime.taskexecutor.TaskExecutor           [] - Received task CHAIN DataSource (at Impulse (org.apache.beam.runners.flink.translation.wrappers.ImpulseInputFormat)) -> FlatMap (FlatMap at Create.Values/MapElements/Map/ParMultiDo(Anonymous)) -> FlatMap (FlatMap at Create.Values/MapElements/Map/ParMultiDo(Anonymous).output) -> FlatMap (FlatMap at MQTT Subscribe/ParMultiDo(KafkaSubscribeBeam)) -> FlatMap (FlatMap at MQTT Subscribe/ParMultiDo(KafkaSubscribeBeam).output) -> FlatMap (FlatMap at ParDo(Anonymous)/ParMultiDo(Anonymous)) -> FlatMap (FlatMap at ParDo(Anonymous)/ParMultiDo(Anonymous).output) (1/1)#0 (420eb3bf245c22bd82ca76f269f7fdad_7a82908a75ee885d2eb5cbb57ca90254_0_0), deploy into slot with allocation id ed0e4bc75e437eccbd1857ae14f85aa2.
2024-04-07 09:07:00,189 INFO  org.apache.flink.runtime.taskexecutor.slot.TaskSlotTableImpl [] - Activate slot ed0e4bc75e437eccbd1857ae14f85aa2.
2024-04-07 09:07:00,189 INFO  org.apache.flink.runtime.taskmanager.Task                    [] - CHAIN DataSource (at Impulse (org.apache.beam.runners.flink.translation.wrappers.ImpulseInputFormat)) -> FlatMap (FlatMap at Create.Values/MapElements/Map/ParMultiDo(Anonymous)) -> FlatMap (FlatMap at Create.Values/MapElements/Map/ParMultiDo(Anonymous).output) -> FlatMap (FlatMap at MQTT Subscribe/ParMultiDo(KafkaSubscribeBeam)) -> FlatMap (FlatMap at MQTT Subscribe/ParMultiDo(KafkaSubscribeBeam).output) -> FlatMap (FlatMap at ParDo(Anonymous)/ParMultiDo(Anonymous)) -> FlatMap (FlatMap at ParDo(Anonymous)/ParMultiDo(Anonymous).output) (1/1)#0 (420eb3bf245c22bd82ca76f269f7fdad_7a82908a75ee885d2eb5cbb57ca90254_0_0) switched from CREATED to DEPLOYING.
2024-04-07 09:07:00,190 INFO  org.apache.flink.runtime.taskmanager.Task                    [] - Loading JAR files for task CHAIN DataSource (at Impulse (org.apache.beam.runners.flink.translation.wrappers.ImpulseInputFormat)) -> FlatMap (FlatMap at Create.Values/MapElements/Map/ParMultiDo(Anonymous)) -> FlatMap (FlatMap at Create.Values/MapElements/Map/ParMultiDo(Anonymous).output) -> FlatMap (FlatMap at MQTT Subscribe/ParMultiDo(KafkaSubscribeBeam)) -> FlatMap (FlatMap at MQTT Subscribe/ParMultiDo(KafkaSubscribeBeam).output) -> FlatMap (FlatMap at ParDo(Anonymous)/ParMultiDo(Anonymous)) -> FlatMap (FlatMap at ParDo(Anonymous)/ParMultiDo(Anonymous).output) (1/1)#0 (420eb3bf245c22bd82ca76f269f7fdad_7a82908a75ee885d2eb5cbb57ca90254_0_0) [DEPLOYING].
2024-04-07 09:07:00,191 INFO  org.apache.flink.runtime.blob.BlobClient                     [] - Downloading dfd6f2cf896d28132107b56b5a9471a9/p-bdd39f073defbd739ef910d3545b631d24e10491-00040e6c68bbe0342542d867e0e22d68 from flink-jobmanager/10.99.32.226:6124
2024-04-07 09:07:00,192 INFO  org.apache.flink.runtime.taskexecutor.TaskExecutor           [] - Received task DataSink (org.apache.flink.api.java.io.DiscardingOutputFormat@724b939e) (1/1)#0 (420eb3bf245c22bd82ca76f269f7fdad_f1ed70fb738a6a62800305002b55626c_0_0), deploy into slot with allocation id ed0e4bc75e437eccbd1857ae14f85aa2.
2024-04-07 09:07:00,193 INFO  org.apache.flink.runtime.taskexecutor.slot.TaskSlotTableImpl [] - Activate slot ed0e4bc75e437eccbd1857ae14f85aa2.
2024-04-07 09:07:00,195 INFO  org.apache.flink.runtime.taskmanager.Task                    [] - DataSink (org.apache.flink.api.java.io.DiscardingOutputFormat@724b939e) (1/1)#0 (420eb3bf245c22bd82ca76f269f7fdad_f1ed70fb738a6a62800305002b55626c_0_0) switched from CREATED to DEPLOYING.
2024-04-07 09:07:00,195 INFO  org.apache.flink.runtime.taskmanager.Task                    [] - Loading JAR files for task DataSink (org.apache.flink.api.java.io.DiscardingOutputFormat@724b939e) (1/1)#0 (420eb3bf245c22bd82ca76f269f7fdad_f1ed70fb738a6a62800305002b55626c_0_0) [DEPLOYING].
2024-04-07 09:07:01,596 INFO  org.apache.flink.runtime.taskmanager.Task                    [] - DataSink (org.apache.flink.api.java.io.DiscardingOutputFormat@724b939e) (1/1)#0 (420eb3bf245c22bd82ca76f269f7fdad_f1ed70fb738a6a62800305002b55626c_0_0) switched from DEPLOYING to INITIALIZING.
2024-04-07 09:07:01,596 INFO  org.apache.flink.runtime.taskmanager.Task                    [] - CHAIN DataSource (at Impulse (org.apache.beam.runners.flink.translation.wrappers.ImpulseInputFormat)) -> FlatMap (FlatMap at Create.Values/MapElements/Map/ParMultiDo(Anonymous)) -> FlatMap (FlatMap at Create.Values/MapElements/Map/ParMultiDo(Anonymous).output) -> FlatMap (FlatMap at MQTT Subscribe/ParMultiDo(KafkaSubscribeBeam)) -> FlatMap (FlatMap at MQTT Subscribe/ParMultiDo(KafkaSubscribeBeam).output) -> FlatMap (FlatMap at ParDo(Anonymous)/ParMultiDo(Anonymous)) -> FlatMap (FlatMap at ParDo(Anonymous)/ParMultiDo(Anonymous).output) (1/1)#0 (420eb3bf245c22bd82ca76f269f7fdad_7a82908a75ee885d2eb5cbb57ca90254_0_0) switched from DEPLOYING to INITIALIZING.
2024-04-07 09:07:01,597 INFO  org.apache.flink.runtime.taskmanager.Task                    [] - DataSink (org.apache.flink.api.java.io.DiscardingOutputFormat@724b939e) (1/1)#0 (420eb3bf245c22bd82ca76f269f7fdad_f1ed70fb738a6a62800305002b55626c_0_0) switched from INITIALIZING to RUNNING.
2024-04-07 09:07:01,597 INFO  org.apache.flink.runtime.taskmanager.Task                    [] - CHAIN DataSource (at Impulse (org.apache.beam.runners.flink.translation.wrappers.ImpulseInputFormat)) -> FlatMap (FlatMap at Create.Values/MapElements/Map/ParMultiDo(Anonymous)) -> FlatMap (FlatMap at Create.Values/MapElements/Map/ParMultiDo(Anonymous).output) -> FlatMap (FlatMap at MQTT Subscribe/ParMultiDo(KafkaSubscribeBeam)) -> FlatMap (FlatMap at MQTT Subscribe/ParMultiDo(KafkaSubscribeBeam).output) -> FlatMap (FlatMap at ParDo(Anonymous)/ParMultiDo(Anonymous)) -> FlatMap (FlatMap at ParDo(Anonymous)/ParMultiDo(Anonymous).output) (1/1)#0 (420eb3bf245c22bd82ca76f269f7fdad_7a82908a75ee885d2eb5cbb57ca90254_0_0) switched from INITIALIZING to RUNNING.
2024-04-07 09:07:02,508 WARN  org.apache.flink.metrics.MetricGroup                         [] - The operator name DataSource (at Impulse (org.apache.beam.runners.flink.translation.wrappers.ImpulseInputFormat)) exceeded the 80 characters length limit and was truncated.
2024-04-07 09:07:02,818 INFO  org.apache.flink.configuration.GlobalConfiguration           [] - Using standard YAML parser to load flink configuration file from /opt/flink/conf/config.yaml.
2024-04-07 09:07:02,819 INFO  org.apache.flink.configuration.GlobalConfiguration           [] - Loading configuration property: blob.server.port, 6124
2024-04-07 09:07:02,820 INFO  org.apache.flink.configuration.GlobalConfiguration           [] - Loading configuration property: taskmanager.memory.process.size, 1728m
2024-04-07 09:07:02,820 INFO  org.apache.flink.configuration.GlobalConfiguration           [] - Loading configuration property: parallelism.default, 2
2024-04-07 09:07:02,820 INFO  org.apache.flink.configuration.GlobalConfiguration           [] - Loading configuration property: jobmanager.rpc.address, flink-jobmanager
2024-04-07 09:07:02,820 INFO  org.apache.flink.configuration.GlobalConfiguration           [] - Loading configuration property: taskmanager.numberOfTaskSlots, 2
2024-04-07 09:07:02,820 INFO  org.apache.flink.configuration.GlobalConfiguration           [] - Loading configuration property: jobmanager.memory.process.size, 1600m
2024-04-07 09:07:02,820 INFO  org.apache.flink.configuration.GlobalConfiguration           [] - Loading configuration property: jobmanager.rpc.port, 6123
2024-04-07 09:07:02,820 INFO  org.apache.flink.configuration.GlobalConfiguration           [] - Loading configuration property: taskmanager.rpc.port, 6122
2024-04-07 09:07:02,898 INFO  org.apache.flink.runtime.taskmanager.Task                    [] - CHAIN DataSource (at Impulse (org.apache.beam.runners.flink.translation.wrappers.ImpulseInputFormat)) -> FlatMap (FlatMap at Create.Values/MapElements/Map/ParMultiDo(Anonymous)) -> FlatMap (FlatMap at Create.Values/MapElements/Map/ParMultiDo(Anonymous).output) -> FlatMap (FlatMap at MQTT Subscribe/ParMultiDo(KafkaSubscribeBeam)) -> FlatMap (FlatMap at MQTT Subscribe/ParMultiDo(KafkaSubscribeBeam).output) -> FlatMap (FlatMap at ParDo(Anonymous)/ParMultiDo(Anonymous)) -> FlatMap (FlatMap at ParDo(Anonymous)/ParMultiDo(Anonymous).output) (1/1)#0 (420eb3bf245c22bd82ca76f269f7fdad_7a82908a75ee885d2eb5cbb57ca90254_0_0) switched from RUNNING to FINISHED.
2024-04-07 09:07:02,898 INFO  org.apache.flink.runtime.taskmanager.Task                    [] - DataSink (org.apache.flink.api.java.io.DiscardingOutputFormat@724b939e) (1/1)#0 (420eb3bf245c22bd82ca76f269f7fdad_f1ed70fb738a6a62800305002b55626c_0_0) switched from RUNNING to FINISHED.
2024-04-07 09:07:02,898 INFO  org.apache.flink.runtime.taskmanager.Task                    [] - Freeing task resources for CHAIN DataSource (at Impulse (org.apache.beam.runners.flink.translation.wrappers.ImpulseInputFormat)) -> FlatMap (FlatMap at Create.Values/MapElements/Map/ParMultiDo(Anonymous)) -> FlatMap (FlatMap at Create.Values/MapElements/Map/ParMultiDo(Anonymous).output) -> FlatMap (FlatMap at MQTT Subscribe/ParMultiDo(KafkaSubscribeBeam)) -> FlatMap (FlatMap at MQTT Subscribe/ParMultiDo(KafkaSubscribeBeam).output) -> FlatMap (FlatMap at ParDo(Anonymous)/ParMultiDo(Anonymous)) -> FlatMap (FlatMap at ParDo(Anonymous)/ParMultiDo(Anonymous).output) (1/1)#0 (420eb3bf245c22bd82ca76f269f7fdad_7a82908a75ee885d2eb5cbb57ca90254_0_0).
2024-04-07 09:07:02,898 INFO  org.apache.flink.runtime.taskmanager.Task                    [] - Freeing task resources for DataSink (org.apache.flink.api.java.io.DiscardingOutputFormat@724b939e) (1/1)#0 (420eb3bf245c22bd82ca76f269f7fdad_f1ed70fb738a6a62800305002b55626c_0_0).
2024-04-07 09:07:02,899 INFO  org.apache.flink.runtime.taskexecutor.TaskExecutor           [] - Un-registering task and sending final execution state FINISHED to JobManager for task CHAIN DataSource (at Impulse (org.apache.beam.runners.flink.translation.wrappers.ImpulseInputFormat)) -> FlatMap (FlatMap at Create.Values/MapElements/Map/ParMultiDo(Anonymous)) -> FlatMap (FlatMap at Create.Values/MapElements/Map/ParMultiDo(Anonymous).output) -> FlatMap (FlatMap at MQTT Subscribe/ParMultiDo(KafkaSubscribeBeam)) -> FlatMap (FlatMap at MQTT Subscribe/ParMultiDo(KafkaSubscribeBeam).output) -> FlatMap (FlatMap at ParDo(Anonymous)/ParMultiDo(Anonymous)) -> FlatMap (FlatMap at ParDo(Anonymous)/ParMultiDo(Anonymous).output) (1/1)#0 420eb3bf245c22bd82ca76f269f7fdad_7a82908a75ee885d2eb5cbb57ca90254_0_0.
2024-04-07 09:07:02,908 INFO  org.apache.flink.runtime.taskexecutor.TaskExecutor           [] - Un-registering task and sending final execution state FINISHED to JobManager for task DataSink (org.apache.flink.api.java.io.DiscardingOutputFormat@724b939e) (1/1)#0 420eb3bf245c22bd82ca76f269f7fdad_f1ed70fb738a6a62800305002b55626c_0_0.
2024-04-07 09:07:03,162 INFO  org.apache.flink.runtime.taskexecutor.slot.TaskSlotTableImpl [] - Free slot TaskSlot(index:3, state:ACTIVE, resource profile: ResourceProfile{cpuCores=1, taskHeapMemory=192.000mb (201326587 bytes), taskOffHeapMemory=0 bytes, managedMemory=256.000mb (268435460 bytes), networkMemory=64.000mb (67108865 bytes)}, allocationId: ed0e4bc75e437eccbd1857ae14f85aa2, jobId: dfd6f2cf896d28132107b56b5a9471a9).
2024-04-07 09:07:03,163 INFO  org.apache.flink.runtime.taskexecutor.DefaultJobLeaderService [] - Remove job dfd6f2cf896d28132107b56b5a9471a9 from job leader monitoring.
2024-04-07 09:07:03,163 INFO  org.apache.flink.runtime.taskexecutor.TaskExecutor           [] - Close JobManager connection for job dfd6f2cf896d28132107b56b5a9471a9.
2024-04-07 09:10:18,688 INFO  org.apache.flink.runtime.taskexecutor.TaskExecutor           [] - Receive slot request fd256247ce959ca32071178078a720b4 for job 94656d0de8b5e2a19908e5c730023e81 from resource manager with leader id 00000000000000000000000000000000.
2024-04-07 09:10:18,689 INFO  org.apache.flink.runtime.taskexecutor.slot.TaskSlotTableImpl [] - Allocated slot for fd256247ce959ca32071178078a720b4 with resources ResourceProfile{cpuCores=1, taskHeapMemory=192.000mb (201326587 bytes), taskOffHeapMemory=0 bytes, managedMemory=256.000mb (268435460 bytes), networkMemory=64.000mb (67108865 bytes)}.
2024-04-07 09:10:18,689 INFO  org.apache.flink.runtime.taskexecutor.DefaultJobLeaderService [] - Add job 94656d0de8b5e2a19908e5c730023e81 for job leader monitoring.
2024-04-07 09:10:18,689 INFO  org.apache.flink.runtime.taskexecutor.DefaultJobLeaderService [] - Try to register at job manager pekko.tcp://flink@flink-jobmanager:6123/user/rpc/jobmanager_4 with leader id 00000000-0000-0000-0000-000000000000.
2024-04-07 09:10:18,697 INFO  org.apache.flink.runtime.taskexecutor.DefaultJobLeaderService [] - Resolved JobManager address, beginning registration
2024-04-07 09:10:18,710 INFO  org.apache.flink.runtime.taskexecutor.DefaultJobLeaderService [] - Successful registration at job manager pekko.tcp://flink@flink-jobmanager:6123/user/rpc/jobmanager_4 for job 94656d0de8b5e2a19908e5c730023e81.
2024-04-07 09:10:18,711 INFO  org.apache.flink.runtime.taskexecutor.TaskExecutor           [] - Establish JobManager connection for job 94656d0de8b5e2a19908e5c730023e81.
2024-04-07 09:10:18,711 INFO  org.apache.flink.runtime.taskexecutor.TaskExecutor           [] - Offer reserved slots to the leader of job 94656d0de8b5e2a19908e5c730023e81.
2024-04-07 09:10:18,748 INFO  org.apache.flink.runtime.taskexecutor.slot.TaskSlotTableImpl [] - Activate slot fd256247ce959ca32071178078a720b4.
2024-04-07 09:10:18,750 INFO  org.apache.flink.runtime.state.TaskExecutorFileMergingManager [] - Registered new file merging snapshot manager for job 94656d0de8b5e2a19908e5c730023e81.
2024-04-07 09:10:18,750 INFO  org.apache.flink.runtime.state.changelog.StateChangelogStorageLoader [] - Creating a changelog storage with name 'memory'.
2024-04-07 09:10:18,750 INFO  org.apache.flink.runtime.state.TaskExecutorChannelStateExecutorFactoryManager [] - Creating the channel state executor factory for job id 94656d0de8b5e2a19908e5c730023e81
2024-04-07 09:10:18,751 INFO  org.apache.flink.runtime.taskexecutor.TaskExecutor           [] - Received task CHAIN DataSource (at Impulse (org.apache.beam.runners.flink.translation.wrappers.ImpulseInputFormat)) -> FlatMap (FlatMap at Create.Values/MapElements/Map/ParMultiDo(Anonymous)) -> FlatMap (FlatMap at Create.Values/MapElements/Map/ParMultiDo(Anonymous).output) -> FlatMap (FlatMap at MQTT Subscribe/ParMultiDo(KafkaSubscribeBeam)) -> FlatMap (FlatMap at MQTT Subscribe/ParMultiDo(KafkaSubscribeBeam).output) -> FlatMap (FlatMap at ParDo(Anonymous)/ParMultiDo(Anonymous)) -> FlatMap (FlatMap at ParDo(Anonymous)/ParMultiDo(Anonymous).output) (1/1)#0 (95f2e376ae3c53e5f993145df4dabe67_d9938d2ecad178e55cc0758cbf615417_0_0), deploy into slot with allocation id fd256247ce959ca32071178078a720b4.
2024-04-07 09:10:18,752 INFO  org.apache.flink.runtime.taskexecutor.slot.TaskSlotTableImpl [] - Activate slot fd256247ce959ca32071178078a720b4.
2024-04-07 09:10:18,752 INFO  org.apache.flink.runtime.taskmanager.Task                    [] - CHAIN DataSource (at Impulse (org.apache.beam.runners.flink.translation.wrappers.ImpulseInputFormat)) -> FlatMap (FlatMap at Create.Values/MapElements/Map/ParMultiDo(Anonymous)) -> FlatMap (FlatMap at Create.Values/MapElements/Map/ParMultiDo(Anonymous).output) -> FlatMap (FlatMap at MQTT Subscribe/ParMultiDo(KafkaSubscribeBeam)) -> FlatMap (FlatMap at MQTT Subscribe/ParMultiDo(KafkaSubscribeBeam).output) -> FlatMap (FlatMap at ParDo(Anonymous)/ParMultiDo(Anonymous)) -> FlatMap (FlatMap at ParDo(Anonymous)/ParMultiDo(Anonymous).output) (1/1)#0 (95f2e376ae3c53e5f993145df4dabe67_d9938d2ecad178e55cc0758cbf615417_0_0) switched from CREATED to DEPLOYING.
2024-04-07 09:10:18,753 INFO  org.apache.flink.runtime.taskmanager.Task                    [] - Loading JAR files for task CHAIN DataSource (at Impulse (org.apache.beam.runners.flink.translation.wrappers.ImpulseInputFormat)) -> FlatMap (FlatMap at Create.Values/MapElements/Map/ParMultiDo(Anonymous)) -> FlatMap (FlatMap at Create.Values/MapElements/Map/ParMultiDo(Anonymous).output) -> FlatMap (FlatMap at MQTT Subscribe/ParMultiDo(KafkaSubscribeBeam)) -> FlatMap (FlatMap at MQTT Subscribe/ParMultiDo(KafkaSubscribeBeam).output) -> FlatMap (FlatMap at ParDo(Anonymous)/ParMultiDo(Anonymous)) -> FlatMap (FlatMap at ParDo(Anonymous)/ParMultiDo(Anonymous).output) (1/1)#0 (95f2e376ae3c53e5f993145df4dabe67_d9938d2ecad178e55cc0758cbf615417_0_0) [DEPLOYING].
2024-04-07 09:10:18,754 INFO  org.apache.flink.runtime.blob.BlobClient                     [] - Downloading 94656d0de8b5e2a19908e5c730023e81/p-bdd39f073defbd739ef910d3545b631d24e10491-7d2a27129681e6ca87868cb422793196 from flink-jobmanager/10.99.32.226:6124
2024-04-07 09:10:18,755 INFO  org.apache.flink.runtime.taskexecutor.TaskExecutor           [] - Received task DataSink (org.apache.flink.api.java.io.DiscardingOutputFormat@724b939e) (1/1)#0 (95f2e376ae3c53e5f993145df4dabe67_72a4b8e8936e7956a068ae680c79585c_0_0), deploy into slot with allocation id fd256247ce959ca32071178078a720b4.
2024-04-07 09:10:18,757 INFO  org.apache.flink.runtime.taskmanager.Task                    [] - DataSink (org.apache.flink.api.java.io.DiscardingOutputFormat@724b939e) (1/1)#0 (95f2e376ae3c53e5f993145df4dabe67_72a4b8e8936e7956a068ae680c79585c_0_0) switched from CREATED to DEPLOYING.
2024-04-07 09:10:18,758 INFO  org.apache.flink.runtime.taskexecutor.slot.TaskSlotTableImpl [] - Activate slot fd256247ce959ca32071178078a720b4.
2024-04-07 09:10:18,758 INFO  org.apache.flink.runtime.taskmanager.Task                    [] - Loading JAR files for task DataSink (org.apache.flink.api.java.io.DiscardingOutputFormat@724b939e) (1/1)#0 (95f2e376ae3c53e5f993145df4dabe67_72a4b8e8936e7956a068ae680c79585c_0_0) [DEPLOYING].
2024-04-07 09:10:20,339 INFO  org.apache.flink.runtime.taskmanager.Task                    [] - CHAIN DataSource (at Impulse (org.apache.beam.runners.flink.translation.wrappers.ImpulseInputFormat)) -> FlatMap (FlatMap at Create.Values/MapElements/Map/ParMultiDo(Anonymous)) -> FlatMap (FlatMap at Create.Values/MapElements/Map/ParMultiDo(Anonymous).output) -> FlatMap (FlatMap at MQTT Subscribe/ParMultiDo(KafkaSubscribeBeam)) -> FlatMap (FlatMap at MQTT Subscribe/ParMultiDo(KafkaSubscribeBeam).output) -> FlatMap (FlatMap at ParDo(Anonymous)/ParMultiDo(Anonymous)) -> FlatMap (FlatMap at ParDo(Anonymous)/ParMultiDo(Anonymous).output) (1/1)#0 (95f2e376ae3c53e5f993145df4dabe67_d9938d2ecad178e55cc0758cbf615417_0_0) switched from DEPLOYING to INITIALIZING.
2024-04-07 09:10:20,339 INFO  org.apache.flink.runtime.taskmanager.Task                    [] - DataSink (org.apache.flink.api.java.io.DiscardingOutputFormat@724b939e) (1/1)#0 (95f2e376ae3c53e5f993145df4dabe67_72a4b8e8936e7956a068ae680c79585c_0_0) switched from DEPLOYING to INITIALIZING.
2024-04-07 09:10:20,339 INFO  org.apache.flink.runtime.taskmanager.Task                    [] - DataSink (org.apache.flink.api.java.io.DiscardingOutputFormat@724b939e) (1/1)#0 (95f2e376ae3c53e5f993145df4dabe67_72a4b8e8936e7956a068ae680c79585c_0_0) switched from INITIALIZING to RUNNING.
2024-04-07 09:10:20,339 INFO  org.apache.flink.runtime.taskmanager.Task                    [] - CHAIN DataSource (at Impulse (org.apache.beam.runners.flink.translation.wrappers.ImpulseInputFormat)) -> FlatMap (FlatMap at Create.Values/MapElements/Map/ParMultiDo(Anonymous)) -> FlatMap (FlatMap at Create.Values/MapElements/Map/ParMultiDo(Anonymous).output) -> FlatMap (FlatMap at MQTT Subscribe/ParMultiDo(KafkaSubscribeBeam)) -> FlatMap (FlatMap at MQTT Subscribe/ParMultiDo(KafkaSubscribeBeam).output) -> FlatMap (FlatMap at ParDo(Anonymous)/ParMultiDo(Anonymous)) -> FlatMap (FlatMap at ParDo(Anonymous)/ParMultiDo(Anonymous).output) (1/1)#0 (95f2e376ae3c53e5f993145df4dabe67_d9938d2ecad178e55cc0758cbf615417_0_0) switched from INITIALIZING to RUNNING.
2024-04-07 09:10:21,267 WARN  org.apache.flink.metrics.MetricGroup                         [] - The operator name DataSource (at Impulse (org.apache.beam.runners.flink.translation.wrappers.ImpulseInputFormat)) exceeded the 80 characters length limit and was truncated.
2024-04-07 09:10:21,746 INFO  org.apache.flink.configuration.GlobalConfiguration           [] - Using standard YAML parser to load flink configuration file from /opt/flink/conf/config.yaml.
2024-04-07 09:10:21,749 INFO  org.apache.flink.configuration.GlobalConfiguration           [] - Loading configuration property: blob.server.port, 6124
2024-04-07 09:10:21,749 INFO  org.apache.flink.configuration.GlobalConfiguration           [] - Loading configuration property: taskmanager.memory.process.size, 1728m
2024-04-07 09:10:21,750 INFO  org.apache.flink.configuration.GlobalConfiguration           [] - Loading configuration property: parallelism.default, 2
2024-04-07 09:10:21,750 INFO  org.apache.flink.configuration.GlobalConfiguration           [] - Loading configuration property: jobmanager.rpc.address, flink-jobmanager
2024-04-07 09:10:21,750 INFO  org.apache.flink.configuration.GlobalConfiguration           [] - Loading configuration property: taskmanager.numberOfTaskSlots, 2
2024-04-07 09:10:21,750 INFO  org.apache.flink.configuration.GlobalConfiguration           [] - Loading configuration property: jobmanager.memory.process.size, 1600m
2024-04-07 09:10:21,750 INFO  org.apache.flink.configuration.GlobalConfiguration           [] - Loading configuration property: jobmanager.rpc.port, 6123
2024-04-07 09:10:21,750 INFO  org.apache.flink.configuration.GlobalConfiguration           [] - Loading configuration property: taskmanager.rpc.port, 6122
2024-04-07 09:10:21,884 INFO  org.apache.flink.runtime.taskmanager.Task                    [] - DataSink (org.apache.flink.api.java.io.DiscardingOutputFormat@724b939e) (1/1)#0 (95f2e376ae3c53e5f993145df4dabe67_72a4b8e8936e7956a068ae680c79585c_0_0) switched from RUNNING to FINISHED.
2024-04-07 09:10:21,884 INFO  org.apache.flink.runtime.taskmanager.Task                    [] - Freeing task resources for DataSink (org.apache.flink.api.java.io.DiscardingOutputFormat@724b939e) (1/1)#0 (95f2e376ae3c53e5f993145df4dabe67_72a4b8e8936e7956a068ae680c79585c_0_0).
2024-04-07 09:10:21,885 INFO  org.apache.flink.runtime.taskmanager.Task                    [] - CHAIN DataSource (at Impulse (org.apache.beam.runners.flink.translation.wrappers.ImpulseInputFormat)) -> FlatMap (FlatMap at Create.Values/MapElements/Map/ParMultiDo(Anonymous)) -> FlatMap (FlatMap at Create.Values/MapElements/Map/ParMultiDo(Anonymous).output) -> FlatMap (FlatMap at MQTT Subscribe/ParMultiDo(KafkaSubscribeBeam)) -> FlatMap (FlatMap at MQTT Subscribe/ParMultiDo(KafkaSubscribeBeam).output) -> FlatMap (FlatMap at ParDo(Anonymous)/ParMultiDo(Anonymous)) -> FlatMap (FlatMap at ParDo(Anonymous)/ParMultiDo(Anonymous).output) (1/1)#0 (95f2e376ae3c53e5f993145df4dabe67_d9938d2ecad178e55cc0758cbf615417_0_0) switched from RUNNING to FINISHED.
2024-04-07 09:10:21,885 INFO  org.apache.flink.runtime.taskexecutor.TaskExecutor           [] - Un-registering task and sending final execution state FINISHED to JobManager for task DataSink (org.apache.flink.api.java.io.DiscardingOutputFormat@724b939e) (1/1)#0 95f2e376ae3c53e5f993145df4dabe67_72a4b8e8936e7956a068ae680c79585c_0_0.
2024-04-07 09:10:21,886 INFO  org.apache.flink.runtime.taskmanager.Task                    [] - Freeing task resources for CHAIN DataSource (at Impulse (org.apache.beam.runners.flink.translation.wrappers.ImpulseInputFormat)) -> FlatMap (FlatMap at Create.Values/MapElements/Map/ParMultiDo(Anonymous)) -> FlatMap (FlatMap at Create.Values/MapElements/Map/ParMultiDo(Anonymous).output) -> FlatMap (FlatMap at MQTT Subscribe/ParMultiDo(KafkaSubscribeBeam)) -> FlatMap (FlatMap at MQTT Subscribe/ParMultiDo(KafkaSubscribeBeam).output) -> FlatMap (FlatMap at ParDo(Anonymous)/ParMultiDo(Anonymous)) -> FlatMap (FlatMap at ParDo(Anonymous)/ParMultiDo(Anonymous).output) (1/1)#0 (95f2e376ae3c53e5f993145df4dabe67_d9938d2ecad178e55cc0758cbf615417_0_0).
2024-04-07 09:10:21,887 INFO  org.apache.flink.runtime.taskexecutor.TaskExecutor           [] - Un-registering task and sending final execution state FINISHED to JobManager for task CHAIN DataSource (at Impulse (org.apache.beam.runners.flink.translation.wrappers.ImpulseInputFormat)) -> FlatMap (FlatMap at Create.Values/MapElements/Map/ParMultiDo(Anonymous)) -> FlatMap (FlatMap at Create.Values/MapElements/Map/ParMultiDo(Anonymous).output) -> FlatMap (FlatMap at MQTT Subscribe/ParMultiDo(KafkaSubscribeBeam)) -> FlatMap (FlatMap at MQTT Subscribe/ParMultiDo(KafkaSubscribeBeam).output) -> FlatMap (FlatMap at ParDo(Anonymous)/ParMultiDo(Anonymous)) -> FlatMap (FlatMap at ParDo(Anonymous)/ParMultiDo(Anonymous).output) (1/1)#0 95f2e376ae3c53e5f993145df4dabe67_d9938d2ecad178e55cc0758cbf615417_0_0.
2024-04-07 09:10:22,243 INFO  org.apache.flink.runtime.taskexecutor.slot.TaskSlotTableImpl [] - Free slot TaskSlot(index:4, state:ACTIVE, resource profile: ResourceProfile{cpuCores=1, taskHeapMemory=192.000mb (201326587 bytes), taskOffHeapMemory=0 bytes, managedMemory=256.000mb (268435460 bytes), networkMemory=64.000mb (67108865 bytes)}, allocationId: fd256247ce959ca32071178078a720b4, jobId: 94656d0de8b5e2a19908e5c730023e81).
2024-04-07 09:10:22,244 INFO  org.apache.flink.runtime.taskexecutor.DefaultJobLeaderService [] - Remove job 94656d0de8b5e2a19908e5c730023e81 from job leader monitoring.
2024-04-07 09:10:22,244 INFO  org.apache.flink.runtime.taskexecutor.TaskExecutor           [] - Close JobManager connection for job 94656d0de8b5e2a19908e5c730023e81.
